{"C:\\Users\\Joseph\\Documents\\Microverse\\Module_2_v3\\Week_1_and_2\\To_Do_List_rep\\src\\modules\\dataFunction.js": {"path":"C:\\Users\\Joseph\\Documents\\Microverse\\Module_2_v3\\Week_1_and_2\\To_Do_List_rep\\src\\modules\\dataFunction.js","statementMap":{"0":{"start":{"line":1,"column":17},"end":{"line":3,"column":1}},"1":{"start":{"line":2,"column":2},"end":{"line":2,"column":60}},"2":{"start":{"line":5,"column":17},"end":{"line":8,"column":1}},"3":{"start":{"line":6,"column":16},"end":{"line":6,"column":68}},"4":{"start":{"line":7,"column":2},"end":{"line":7,"column":15}},"5":{"start":{"line":10,"column":16},"end":{"line":14,"column":1}},"6":{"start":{"line":11,"column":19},"end":{"line":11,"column":29}},"7":{"start":{"line":12,"column":2},"end":{"line":12,"column":22}},"8":{"start":{"line":13,"column":2},"end":{"line":13,"column":21}},"9":{"start":{"line":16,"column":19},"end":{"line":20,"column":1}},"10":{"start":{"line":17,"column":19},"end":{"line":17,"column":29}},"11":{"start":{"line":18,"column":22},"end":{"line":18,"column":75}},"12":{"start":{"line":18,"column":48},"end":{"line":18,"column":74}},"13":{"start":{"line":19,"column":2},"end":{"line":19,"column":24}},"14":{"start":{"line":22,"column":19},"end":{"line":32,"column":1}},"15":{"start":{"line":23,"column":19},"end":{"line":23,"column":29}},"16":{"start":{"line":24,"column":15},"end":{"line":24,"column":68}},"17":{"start":{"line":24,"column":40},"end":{"line":24,"column":66}},"18":{"start":{"line":25,"column":2},"end":{"line":30,"column":3}},"19":{"start":{"line":26,"column":4},"end":{"line":26,"column":46}},"20":{"start":{"line":28,"column":9},"end":{"line":30,"column":3}},"21":{"start":{"line":29,"column":4},"end":{"line":29,"column":42}},"22":{"start":{"line":31,"column":2},"end":{"line":31,"column":21}}},"fnMap":{"0":{"name":"(anonymous_0)","decl":{"start":{"line":1,"column":17},"end":{"line":1,"column":18}},"loc":{"start":{"line":1,"column":28},"end":{"line":3,"column":1}},"line":1},"1":{"name":"(anonymous_1)","decl":{"start":{"line":5,"column":17},"end":{"line":5,"column":18}},"loc":{"start":{"line":5,"column":23},"end":{"line":8,"column":1}},"line":5},"2":{"name":"(anonymous_2)","decl":{"start":{"line":10,"column":16},"end":{"line":10,"column":17}},"loc":{"start":{"line":10,"column":26},"end":{"line":14,"column":1}},"line":10},"3":{"name":"(anonymous_3)","decl":{"start":{"line":16,"column":19},"end":{"line":16,"column":20}},"loc":{"start":{"line":16,"column":31},"end":{"line":20,"column":1}},"line":16},"4":{"name":"(anonymous_4)","decl":{"start":{"line":18,"column":38},"end":{"line":18,"column":39}},"loc":{"start":{"line":18,"column":48},"end":{"line":18,"column":74}},"line":18},"5":{"name":"(anonymous_5)","decl":{"start":{"line":22,"column":19},"end":{"line":22,"column":20}},"loc":{"start":{"line":22,"column":43},"end":{"line":32,"column":1}},"line":22},"6":{"name":"(anonymous_6)","decl":{"start":{"line":24,"column":29},"end":{"line":24,"column":30}},"loc":{"start":{"line":24,"column":40},"end":{"line":24,"column":66}},"line":24}},"branchMap":{"0":{"loc":{"start":{"line":6,"column":16},"end":{"line":6,"column":68}},"type":"binary-expr","locations":[{"start":{"line":6,"column":16},"end":{"line":6,"column":62}},{"start":{"line":6,"column":66},"end":{"line":6,"column":68}}],"line":6},"1":{"loc":{"start":{"line":25,"column":2},"end":{"line":30,"column":3}},"type":"if","locations":[{"start":{"line":25,"column":2},"end":{"line":30,"column":3}},{"start":{"line":28,"column":9},"end":{"line":30,"column":3}}],"line":25},"2":{"loc":{"start":{"line":28,"column":9},"end":{"line":30,"column":3}},"type":"if","locations":[{"start":{"line":28,"column":9},"end":{"line":30,"column":3}},{"start":{},"end":{}}],"line":28},"3":{"loc":{"start":{"line":28,"column":13},"end":{"line":28,"column":58}},"type":"binary-expr","locations":[{"start":{"line":28,"column":13},"end":{"line":28,"column":33}},{"start":{"line":28,"column":37},"end":{"line":28,"column":58}}],"line":28}},"s":{"0":2,"1":0,"2":2,"3":0,"4":0,"5":2,"6":0,"7":0,"8":0,"9":2,"10":0,"11":0,"12":0,"13":0,"14":2,"15":0,"16":0,"17":0,"18":0,"19":0,"20":0,"21":0,"22":0},"f":{"0":0,"1":0,"2":0,"3":0,"4":0,"5":0,"6":0},"b":{"0":[0,0],"1":[0,0],"2":[0,0],"3":[0,0]},"_coverageSchema":"1a1c01bbd47fc00a2c39e90264f33305004495a9","hash":"71404ddc8a636b219c760314c43ed9b7c95ee4b4"}
,"C:\\Users\\Joseph\\Documents\\Microverse\\Module_2_v3\\Week_1_and_2\\To_Do_List_rep\\src\\modules\\task.js": {"path":"C:\\Users\\Joseph\\Documents\\Microverse\\Module_2_v3\\Week_1_and_2\\To_Do_List_rep\\src\\modules\\task.js","statementMap":{"0":{"start":{"line":5,"column":4},"end":{"line":5,"column":35}},"1":{"start":{"line":6,"column":4},"end":{"line":6,"column":31}},"2":{"start":{"line":7,"column":4},"end":{"line":7,"column":23}},"3":{"start":{"line":9,"column":4},"end":{"line":9,"column":22}},"4":{"start":{"line":10,"column":4},"end":{"line":10,"column":67}},"5":{"start":{"line":11,"column":4},"end":{"line":11,"column":42}},"6":{"start":{"line":13,"column":4},"end":{"line":13,"column":83}},"7":{"start":{"line":14,"column":4},"end":{"line":14,"column":85}},"8":{"start":{"line":15,"column":4},"end":{"line":15,"column":81}},"9":{"start":{"line":16,"column":4},"end":{"line":16,"column":92}},"10":{"start":{"line":18,"column":4},"end":{"line":18,"column":61}},"11":{"start":{"line":19,"column":4},"end":{"line":19,"column":54}},"12":{"start":{"line":21,"column":4},"end":{"line":24,"column":7}},"13":{"start":{"line":22,"column":6},"end":{"line":22,"column":63}},"14":{"start":{"line":23,"column":6},"end":{"line":23,"column":55}},"15":{"start":{"line":26,"column":4},"end":{"line":31,"column":7}},"16":{"start":{"line":27,"column":6},"end":{"line":27,"column":60}},"17":{"start":{"line":28,"column":6},"end":{"line":28,"column":58}},"18":{"start":{"line":29,"column":6},"end":{"line":29,"column":34}},"19":{"start":{"line":30,"column":6},"end":{"line":30,"column":69}},"20":{"start":{"line":33,"column":4},"end":{"line":37,"column":7}},"21":{"start":{"line":34,"column":29},"end":{"line":34,"column":73}},"22":{"start":{"line":35,"column":6},"end":{"line":35,"column":40}},"23":{"start":{"line":36,"column":6},"end":{"line":36,"column":69}},"24":{"start":{"line":39,"column":4},"end":{"line":47,"column":7}},"25":{"start":{"line":40,"column":6},"end":{"line":46,"column":7}},"26":{"start":{"line":41,"column":8},"end":{"line":41,"column":57}},"27":{"start":{"line":42,"column":8},"end":{"line":42,"column":59}},"28":{"start":{"line":44,"column":8},"end":{"line":44,"column":58}},"29":{"start":{"line":45,"column":8},"end":{"line":45,"column":62}},"30":{"start":{"line":50,"column":24},"end":{"line":61,"column":5}},"31":{"start":{"line":51,"column":20},"end":{"line":51,"column":42}},"32":{"start":{"line":52,"column":6},"end":{"line":52,"column":38}},"33":{"start":{"line":53,"column":6},"end":{"line":60,"column":25}}},"fnMap":{"0":{"name":"(anonymous_0)","decl":{"start":{"line":4,"column":2},"end":{"line":4,"column":3}},"loc":{"start":{"line":4,"column":45},"end":{"line":48,"column":3}},"line":4},"1":{"name":"(anonymous_1)","decl":{"start":{"line":21,"column":55},"end":{"line":21,"column":56}},"loc":{"start":{"line":21,"column":61},"end":{"line":24,"column":5}},"line":21},"2":{"name":"(anonymous_2)","decl":{"start":{"line":26,"column":60},"end":{"line":26,"column":61}},"loc":{"start":{"line":26,"column":66},"end":{"line":31,"column":5}},"line":26},"3":{"name":"(anonymous_3)","decl":{"start":{"line":33,"column":55},"end":{"line":33,"column":56}},"loc":{"start":{"line":33,"column":61},"end":{"line":37,"column":5}},"line":33},"4":{"name":"(anonymous_4)","decl":{"start":{"line":39,"column":58},"end":{"line":39,"column":59}},"loc":{"start":{"line":39,"column":64},"end":{"line":47,"column":5}},"line":39},"5":{"name":"(anonymous_5)","decl":{"start":{"line":50,"column":24},"end":{"line":50,"column":25}},"loc":{"start":{"line":50,"column":30},"end":{"line":61,"column":5}},"line":50}},"branchMap":{"0":{"loc":{"start":{"line":40,"column":6},"end":{"line":46,"column":7}},"type":"if","locations":[{"start":{"line":40,"column":6},"end":{"line":46,"column":7}},{"start":{"line":43,"column":13},"end":{"line":46,"column":7}}],"line":40}},"s":{"0":0,"1":0,"2":0,"3":0,"4":0,"5":0,"6":0,"7":0,"8":0,"9":0,"10":0,"11":0,"12":0,"13":0,"14":0,"15":0,"16":0,"17":0,"18":0,"19":0,"20":0,"21":0,"22":0,"23":0,"24":0,"25":0,"26":0,"27":0,"28":0,"29":0,"30":2,"31":0,"32":0,"33":0},"f":{"0":0,"1":0,"2":0,"3":0,"4":0,"5":0},"b":{"0":[0,0]},"_coverageSchema":"1a1c01bbd47fc00a2c39e90264f33305004495a9","hash":"4338ff4ca96d7bc462f987a523e7cb99a2a14e35"}
,"C:\\Users\\Joseph\\Documents\\Microverse\\Module_2_v3\\Week_1_and_2\\To_Do_List_rep\\src\\modules\\test\\util.js": {"path":"C:\\Users\\Joseph\\Documents\\Microverse\\Module_2_v3\\Week_1_and_2\\To_Do_List_rep\\src\\modules\\test\\util.js","statementMap":{"0":{"start":{"line":1,"column":25},"end":{"line":10,"column":1}},"1":{"start":{"line":6,"column":4},"end":{"line":6,"column":36}},"2":{"start":{"line":8,"column":44},"end":{"line":8,"column":67}},"3":{"start":{"line":9,"column":11},"end":{"line":9,"column":23}},"4":{"start":{"line":12,"column":16},"end":{"line":20,"column":1}},"5":{"start":{"line":13,"column":16},"end":{"line":13,"column":42}},"6":{"start":{"line":14,"column":2},"end":{"line":14,"column":19}},"7":{"start":{"line":15,"column":2},"end":{"line":15,"column":42}},"8":{"start":{"line":16,"column":16},"end":{"line":16,"column":44}},"9":{"start":{"line":17,"column":2},"end":{"line":19,"column":3}},"10":{"start":{"line":18,"column":4},"end":{"line":18,"column":30}},"11":{"start":{"line":22,"column":19},"end":{"line":30,"column":1}},"12":{"start":{"line":23,"column":19},"end":{"line":23,"column":45}},"13":{"start":{"line":24,"column":22},"end":{"line":24,"column":67}},"14":{"start":{"line":24,"column":48},"end":{"line":24,"column":66}},"15":{"start":{"line":25,"column":2},"end":{"line":25,"column":48}},"16":{"start":{"line":26,"column":2},"end":{"line":29,"column":3}},"17":{"start":{"line":27,"column":18},"end":{"line":27,"column":49}},"18":{"start":{"line":28,"column":4},"end":{"line":28,"column":40}},"19":{"start":{"line":32,"column":19},"end":{"line":54,"column":1}},"20":{"start":{"line":33,"column":19},"end":{"line":33,"column":45}},"21":{"start":{"line":34,"column":15},"end":{"line":34,"column":60}},"22":{"start":{"line":34,"column":40},"end":{"line":34,"column":58}},"23":{"start":{"line":35,"column":2},"end":{"line":52,"column":3}},"24":{"start":{"line":36,"column":4},"end":{"line":36,"column":46}},"25":{"start":{"line":37,"column":4},"end":{"line":40,"column":5}},"26":{"start":{"line":38,"column":20},"end":{"line":38,"column":51}},"27":{"start":{"line":39,"column":6},"end":{"line":39,"column":47}},"28":{"start":{"line":42,"column":9},"end":{"line":52,"column":3}},"29":{"start":{"line":43,"column":4},"end":{"line":43,"column":42}},"30":{"start":{"line":44,"column":4},"end":{"line":51,"column":5}},"31":{"start":{"line":45,"column":23},"end":{"line":45,"column":54}},"32":{"start":{"line":46,"column":6},"end":{"line":50,"column":7}},"33":{"start":{"line":47,"column":8},"end":{"line":47,"column":47}},"34":{"start":{"line":49,"column":8},"end":{"line":49,"column":44}},"35":{"start":{"line":53,"column":2},"end":{"line":53,"column":45}},"36":{"start":{"line":56,"column":28},"end":{"line":60,"column":1}},"37":{"start":{"line":57,"column":19},"end":{"line":57,"column":45}},"38":{"start":{"line":58,"column":22},"end":{"line":58,"column":72}},"39":{"start":{"line":58,"column":48},"end":{"line":58,"column":71}},"40":{"start":{"line":59,"column":2},"end":{"line":59,"column":48}}},"fnMap":{"0":{"name":"setIt","decl":{"start":{"line":5,"column":28},"end":{"line":5,"column":33}},"loc":{"start":{"line":5,"column":46},"end":{"line":7,"column":3}},"line":5},"1":{"name":"delIt","decl":{"start":{"line":8,"column":31},"end":{"line":8,"column":36}},"loc":{"start":{"line":8,"column":42},"end":{"line":8,"column":69}},"line":8},"2":{"name":"(anonymous_2)","decl":{"start":{"line":9,"column":2},"end":{"line":9,"column":3}},"loc":{"start":{"line":9,"column":9},"end":{"line":9,"column":25}},"line":9},"3":{"name":"(anonymous_3)","decl":{"start":{"line":12,"column":16},"end":{"line":12,"column":17}},"loc":{"start":{"line":12,"column":42},"end":{"line":20,"column":1}},"line":12},"4":{"name":"(anonymous_4)","decl":{"start":{"line":22,"column":19},"end":{"line":22,"column":20}},"loc":{"start":{"line":22,"column":47},"end":{"line":30,"column":1}},"line":22},"5":{"name":"(anonymous_5)","decl":{"start":{"line":24,"column":38},"end":{"line":24,"column":39}},"loc":{"start":{"line":24,"column":48},"end":{"line":24,"column":66}},"line":24},"6":{"name":"(anonymous_6)","decl":{"start":{"line":32,"column":19},"end":{"line":32,"column":20}},"loc":{"start":{"line":32,"column":59},"end":{"line":54,"column":1}},"line":32},"7":{"name":"(anonymous_7)","decl":{"start":{"line":34,"column":29},"end":{"line":34,"column":30}},"loc":{"start":{"line":34,"column":40},"end":{"line":34,"column":58}},"line":34},"8":{"name":"(anonymous_8)","decl":{"start":{"line":56,"column":28},"end":{"line":56,"column":29}},"loc":{"start":{"line":56,"column":34},"end":{"line":60,"column":1}},"line":56},"9":{"name":"(anonymous_9)","decl":{"start":{"line":58,"column":38},"end":{"line":58,"column":39}},"loc":{"start":{"line":58,"column":48},"end":{"line":58,"column":71}},"line":58}},"branchMap":{"0":{"loc":{"start":{"line":12,"column":23},"end":{"line":12,"column":37}},"type":"default-arg","locations":[{"start":{"line":12,"column":32},"end":{"line":12,"column":37}}],"line":12},"1":{"loc":{"start":{"line":17,"column":2},"end":{"line":19,"column":3}},"type":"if","locations":[{"start":{"line":17,"column":2},"end":{"line":19,"column":3}},{"start":{},"end":{}}],"line":17},"2":{"loc":{"start":{"line":22,"column":28},"end":{"line":22,"column":42}},"type":"default-arg","locations":[{"start":{"line":22,"column":37},"end":{"line":22,"column":42}}],"line":22},"3":{"loc":{"start":{"line":26,"column":2},"end":{"line":29,"column":3}},"type":"if","locations":[{"start":{"line":26,"column":2},"end":{"line":29,"column":3}},{"start":{},"end":{}}],"line":26},"4":{"loc":{"start":{"line":32,"column":40},"end":{"line":32,"column":54}},"type":"default-arg","locations":[{"start":{"line":32,"column":49},"end":{"line":32,"column":54}}],"line":32},"5":{"loc":{"start":{"line":35,"column":2},"end":{"line":52,"column":3}},"type":"if","locations":[{"start":{"line":35,"column":2},"end":{"line":52,"column":3}},{"start":{"line":42,"column":9},"end":{"line":52,"column":3}}],"line":35},"6":{"loc":{"start":{"line":37,"column":4},"end":{"line":40,"column":5}},"type":"if","locations":[{"start":{"line":37,"column":4},"end":{"line":40,"column":5}},{"start":{},"end":{}}],"line":37},"7":{"loc":{"start":{"line":42,"column":9},"end":{"line":52,"column":3}},"type":"if","locations":[{"start":{"line":42,"column":9},"end":{"line":52,"column":3}},{"start":{},"end":{}}],"line":42},"8":{"loc":{"start":{"line":42,"column":13},"end":{"line":42,"column":58}},"type":"binary-expr","locations":[{"start":{"line":42,"column":13},"end":{"line":42,"column":33}},{"start":{"line":42,"column":37},"end":{"line":42,"column":58}}],"line":42},"9":{"loc":{"start":{"line":44,"column":4},"end":{"line":51,"column":5}},"type":"if","locations":[{"start":{"line":44,"column":4},"end":{"line":51,"column":5}},{"start":{},"end":{}}],"line":44},"10":{"loc":{"start":{"line":46,"column":6},"end":{"line":50,"column":7}},"type":"if","locations":[{"start":{"line":46,"column":6},"end":{"line":50,"column":7}},{"start":{"line":48,"column":13},"end":{"line":50,"column":7}}],"line":46}},"s":{"0":2,"1":27,"2":0,"3":0,"4":2,"5":11,"6":11,"7":11,"8":11,"9":11,"10":1,"11":2,"12":2,"13":2,"14":6,"15":2,"16":2,"17":1,"18":1,"19":2,"20":5,"21":5,"22":19,"23":5,"24":2,"25":2,"26":1,"27":1,"28":3,"29":3,"30":3,"31":2,"32":2,"33":1,"34":1,"35":5,"36":2,"37":1,"38":1,"39":4,"40":1},"f":{"0":27,"1":0,"2":0,"3":11,"4":2,"5":6,"6":5,"7":19,"8":1,"9":4},"b":{"0":[10],"1":[1,10],"2":[1],"3":[1,1],"4":[2],"5":[2,3],"6":[1,1],"7":[3,0],"8":[3,1],"9":[2,1],"10":[1,1]},"_coverageSchema":"1a1c01bbd47fc00a2c39e90264f33305004495a9","hash":"5b267c0a3950334e26fccce0997196a24a66ff94"}
}
