TN:
SF:src\modules\dataFunction.js
FN:1,(anonymous_0)
FN:5,(anonymous_1)
FN:10,(anonymous_2)
FN:16,(anonymous_3)
FN:18,(anonymous_4)
FN:22,(anonymous_5)
FN:24,(anonymous_6)
FNF:7
FNH:0
FNDA:0,(anonymous_0)
FNDA:0,(anonymous_1)
FNDA:0,(anonymous_2)
FNDA:0,(anonymous_3)
FNDA:0,(anonymous_4)
FNDA:0,(anonymous_5)
FNDA:0,(anonymous_6)
DA:1,2
DA:2,0
DA:5,2
DA:6,0
DA:7,0
DA:10,2
DA:11,0
DA:12,0
DA:13,0
DA:16,2
DA:17,0
DA:18,0
DA:19,0
DA:22,2
DA:23,0
DA:24,0
DA:25,0
DA:26,0
DA:28,0
DA:29,0
DA:31,0
LF:21
LH:5
BRDA:6,0,0,0
BRDA:6,0,1,0
BRDA:25,1,0,0
BRDA:25,1,1,0
BRDA:28,2,0,0
BRDA:28,2,1,0
BRDA:28,3,0,0
BRDA:28,3,1,0
BRF:8
BRH:0
end_of_record
TN:
SF:src\modules\task.js
FN:4,(anonymous_0)
FN:21,(anonymous_1)
FN:26,(anonymous_2)
FN:33,(anonymous_3)
FN:39,(anonymous_4)
FN:50,(anonymous_5)
FNF:6
FNH:0
FNDA:0,(anonymous_0)
FNDA:0,(anonymous_1)
FNDA:0,(anonymous_2)
FNDA:0,(anonymous_3)
FNDA:0,(anonymous_4)
FNDA:0,(anonymous_5)
DA:5,0
DA:6,0
DA:7,0
DA:9,0
DA:10,0
DA:11,0
DA:13,0
DA:14,0
DA:15,0
DA:16,0
DA:18,0
DA:19,0
DA:21,0
DA:22,0
DA:23,0
DA:26,0
DA:27,0
DA:28,0
DA:29,0
DA:30,0
DA:33,0
DA:34,0
DA:35,0
DA:36,0
DA:39,0
DA:40,0
DA:41,0
DA:42,0
DA:44,0
DA:45,0
DA:50,2
DA:51,0
DA:52,0
DA:53,0
LF:34
LH:1
BRDA:40,0,0,0
BRDA:40,0,1,0
BRF:2
BRH:0
end_of_record
TN:
SF:src\modules\test\util.js
FN:5,setIt
FN:8,delIt
FN:9,(anonymous_2)
FN:12,(anonymous_3)
FN:22,(anonymous_4)
FN:24,(anonymous_5)
FN:32,(anonymous_6)
FN:34,(anonymous_7)
FN:56,(anonymous_8)
FN:58,(anonymous_9)
FNF:10
FNH:8
FNDA:27,setIt
FNDA:0,delIt
FNDA:0,(anonymous_2)
FNDA:11,(anonymous_3)
FNDA:2,(anonymous_4)
FNDA:6,(anonymous_5)
FNDA:5,(anonymous_6)
FNDA:19,(anonymous_7)
FNDA:1,(anonymous_8)
FNDA:4,(anonymous_9)
DA:1,2
DA:6,27
DA:8,0
DA:9,0
DA:12,2
DA:13,11
DA:14,11
DA:15,11
DA:16,11
DA:17,11
DA:18,1
DA:22,2
DA:23,2
DA:24,6
DA:25,2
DA:26,2
DA:27,1
DA:28,1
DA:32,2
DA:33,5
DA:34,19
DA:35,5
DA:36,2
DA:37,2
DA:38,1
DA:39,1
DA:42,3
DA:43,3
DA:44,3
DA:45,2
DA:46,2
DA:47,1
DA:49,1
DA:53,5
DA:56,2
DA:57,1
DA:58,4
DA:59,1
LF:38
LH:36
BRDA:12,0,0,10
BRDA:17,1,0,1
BRDA:17,1,1,10
BRDA:22,2,0,1
BRDA:26,3,0,1
BRDA:26,3,1,1
BRDA:32,4,0,2
BRDA:35,5,0,2
BRDA:35,5,1,3
BRDA:37,6,0,1
BRDA:37,6,1,1
BRDA:42,7,0,3
BRDA:42,7,1,0
BRDA:42,8,0,3
BRDA:42,8,1,1
BRDA:44,9,0,2
BRDA:44,9,1,1
BRDA:46,10,0,1
BRDA:46,10,1,1
BRF:19
BRH:18
end_of_record
